<?xml version="1.0" encoding="UTF-8"?>
<!-- Generated by org.testng.reporters.JUnitReportReporter -->
<testsuite hostname="PUNE-LAPTOP131" name="getRequest.Product_pramotion" tests="2" failures="0" timestamp="24 Jul 2018 07:48:33 GMT" time="1.487" errors="0">
  <testcase name="explore_CategoriesList_Response" time="0.744" classname="getRequest.Product_pramotion"/>
  <testcase name="expolre_CategoriesList_Body" time="0.743" classname="getRequest.Product_pramotion"/>
</testsuite> <!-- getRequest.Product_pramotion -->
