<?xml version="1.0" encoding="UTF-8"?>
<!-- Generated by org.testng.reporters.JUnitReportReporter -->
<testsuite hostname="PUNE-LAPTOP131" name="getRequest.Tailor_Search" tests="2" failures="0" timestamp="24 Jul 2018 07:48:33 GMT" time="4.413" errors="0">
  <testcase name="expolre_CategoriesList_Body" time="2.089" classname="getRequest.Tailor_Search"/>
  <testcase name="explore_CategoriesList_Response" time="2.324" classname="getRequest.Tailor_Search"/>
</testsuite> <!-- getRequest.Tailor_Search -->
