<?xml version="1.0" encoding="UTF-8"?>
<!-- Generated by org.testng.reporters.JUnitReportReporter -->
<testsuite hostname="PUNE-LAPTOP131" name="post_Request.Register_Post" tests="1" failures="0" timestamp="24 Jul 2018 07:48:33 GMT" time="2.206" errors="0">
  <testcase name="custLogin_Test" time="2.206" classname="post_Request.Register_Post"/>
</testsuite> <!-- post_Request.Register_Post -->
