<?xml version="1.0" encoding="UTF-8"?>
<!-- Generated by org.testng.reporters.JUnitReportReporter -->
<testsuite hostname="PUNE-LAPTOP131" name="getRequest.Explore_More_Categories" tests="2" failures="0" timestamp="24 Jul 2018 07:48:33 GMT" time="1.430" errors="0">
  <testcase name="explore_CategoriesList_Response" time="0.665" classname="getRequest.Explore_More_Categories"/>
  <testcase name="expolre_CategoriesList_Body" time="0.765" classname="getRequest.Explore_More_Categories"/>
</testsuite> <!-- getRequest.Explore_More_Categories -->
