<?xml version="1.0" encoding="UTF-8"?>
<!-- Generated by org.testng.reporters.JUnitReportReporter -->
<testsuite hostname="PUNE-LAPTOP131" name="post_Request.login_Post" tests="1" failures="0" timestamp="4 Jul 2018 09:29:30 GMT" time="11.994" errors="0">
  <testcase name="login_Test" time="11.994" classname="post_Request.login_Post"/>
</testsuite> <!-- post_Request.login_Post -->
