<?xml version="1.0" encoding="UTF-8"?>
<!-- Generated by org.testng.reporters.JUnitReportReporter -->
<testsuite hostname="PUNE-LAPTOP131" name="post_Request.CustomerSocialLogin_Post" tests="1" failures="0" timestamp="20 Jul 2018 13:46:01 GMT" time="9.217" errors="0">
  <testcase name="custSocilogin_Test" time="9.217" classname="post_Request.CustomerSocialLogin_Post"/>
</testsuite> <!-- post_Request.CustomerSocialLogin_Post -->
