<?xml version="1.0" encoding="UTF-8"?>
<!-- Generated by org.testng.reporters.JUnitReportReporter -->
<testsuite hostname="PUNE-LAPTOP131" name="put_Request.Update_User" tests="1" failures="0" timestamp="24 Jul 2018 07:48:33 GMT" time="1.984" errors="0">
  <testcase name="update_userTest" time="1.984" classname="put_Request.Update_User"/>
</testsuite> <!-- put_Request.Update_User -->
