<?xml version="1.0" encoding="UTF-8"?>
<!-- Generated by org.testng.reporters.JUnitReportReporter -->
<testsuite hostname="PUNE-LAPTOP131" name="post_Request.Customer_Register" tests="1" failures="0" timestamp="20 Jul 2018 13:45:13 GMT" time="8.902" errors="0">
  <testcase name="custLogin_Test" time="8.902" classname="post_Request.Customer_Register"/>
</testsuite> <!-- post_Request.Customer_Register -->
