<?xml version="1.0" encoding="UTF-8"?>
<!-- Generated by org.testng.reporters.JUnitReportReporter -->
<testsuite hostname="PUNE-LAPTOP131" name="post_Request.CustomerLogin_Post" tests="1" failures="0" timestamp="20 Jul 2018 13:45:32 GMT" time="8.707" errors="0">
  <testcase name="custLogin_Test" time="8.707" classname="post_Request.CustomerLogin_Post"/>
</testsuite> <!-- post_Request.CustomerLogin_Post -->
