<?xml version="1.0" encoding="UTF-8"?>
<!-- Generated by org.testng.reporters.JUnitReportReporter -->
<testsuite hostname="PUNE-LAPTOP131" name="getRequest.GetData" tests="6" failures="0" timestamp="2 Jul 2018 06:35:25 GMT" time="33.472" errors="0">
  <testcase name="testBody" time="5.087" classname="getRequest.GetData"/>
  <testcase name="testResponce" time="8.754" classname="getRequest.GetData"/>
  <testcase name="responce_Prmotion" time="4.896" classname="getRequest.GetData"/>
  <testcase name="testResponce1" time="4.849" classname="getRequest.GetData"/>
  <testcase name="prmotion_Body" time="4.941" classname="getRequest.GetData"/>
  <testcase name="testBody1" time="4.945" classname="getRequest.GetData"/>
</testsuite> <!-- getRequest.GetData -->
