<?xml version="1.0" encoding="UTF-8"?>
<!-- Generated by org.testng.reporters.JUnitReportReporter -->
<testsuite hostname="PUNE-LAPTOP131" name="getRequest.Post_Delete_PutExample" tests="1" failures="0" timestamp="3 Jul 2018 03:55:33 GMT" time="100.053" errors="0">
  <testcase name="Test" time="100.053" classname="getRequest.Post_Delete_PutExample"/>
</testsuite> <!-- getRequest.Post_Delete_PutExample -->
