<?xml version="1.0" encoding="UTF-8"?>
<!-- Generated by org.testng.reporters.JUnitReportReporter -->
<testsuite hostname="PUNE-LAPTOP131" name="getRequest.Payment_GetExcel" tests="1" failures="0" timestamp="6 Jul 2018 09:55:18 GMT" time="3.720" errors="0">
  <testcase name="test_steps" time="3.720" classname="getRequest.Payment_GetExcel"/>
</testsuite> <!-- getRequest.Payment_GetExcel -->
