<?xml version="1.0" encoding="UTF-8"?>
<!-- Generated by org.testng.reporters.JUnitReportReporter -->
<testsuite hostname="PUNE-LAPTOP131" name="post_Request.Create_User" tests="1" failures="0" timestamp="24 Jul 2018 07:48:33 GMT" time="3.059" errors="0">
  <testcase name="createUser_Test" time="3.059" classname="post_Request.Create_User"/>
</testsuite> <!-- post_Request.Create_User -->
