<?xml version="1.0" encoding="UTF-8"?>
<!-- Generated by org.testng.reporters.JUnitReportReporter -->
<testsuite hostname="PUNE-LAPTOP131" name="getRequest.Categories_Listing" tests="2" failures="0" timestamp="24 Jul 2018 07:48:33 GMT" time="3.662" errors="0">
  <testcase name="expolre_CategoriesList_Body" time="0.777" classname="getRequest.Categories_Listing"/>
  <testcase name="explore_CategoriesList_Response" time="2.885" classname="getRequest.Categories_Listing"/>
</testsuite> <!-- getRequest.Categories_Listing -->
